{
  "RSpec": {
    "coverage": {
      "/Users/jamesdix/Desktop/personal-trainer/personal-trainer-api/spec/models/exercise_spec.rb": [
        1,
        null,
        1,
        2,
        null,
        2,
        null,
        2,
        null
      ],
      "/Users/jamesdix/Desktop/personal-trainer/personal-trainer-api/spec/rails_helper.rb": [
        null,
        1,
        1,
        null,
        1,
        1,
        1,
        null,
        1,
        null,
        2,
        null,
        1,
        1,
        1,
        1,
        null,
        null,
        null,
        null,
        1,
        null,
        1,
        null,
        1,
        null,
        1,
        null,
        1,
        null,
        1,
        1,
        1,
        null,
        null,
        1,
        24,
        24,
        null,
        null,
        null,
        null,
        null,
        null,
        1,
        null,
        null,
        null,
        null,
        null,
        null,
        null,
        null,
        null,
        null,
        null,
        null,
        null,
        null,
        1,
        null,
        null,
        1,
        null,
        null,
        null
      ],
      "/Users/jamesdix/Desktop/personal-trainer/personal-trainer-api/config/environment.rb": [
        null,
        1,
        null,
        null,
        1
      ],
      "/Users/jamesdix/Desktop/personal-trainer/personal-trainer-api/config/application.rb": [
        1,
        null,
        1,
        null,
        1,
        1,
        1,
        1,
        1,
        1,
        1,
        null,
        null,
        null,
        null,
        null,
        1,
        null,
        1,
        1,
        null,
        null,
        null,
        null,
        null,
        null,
        null,
        1,
        null,
        null
      ],
      "/Users/jamesdix/Desktop/personal-trainer/personal-trainer-api/config/boot.rb": [
        1,
        null,
        1
      ],
      "/Users/jamesdix/Desktop/personal-trainer/personal-trainer-api/config/environments/test.rb": [
        1,
        null,
        null,
        null,
        null,
        null,
        null,
        1,
        null,
        null,
        null,
        null,
        1,
        null,
        null,
        1,
        1,
        null,
        null,
        null,
        null,
        1,
        1,
        null,
        null,
        1,
        null,
        null,
        1,
        1,
        null,
        null,
        null,
        null,
        1,
        null,
        null,
        1,
        null,
        null,
        null,
        null
      ],
      "/Users/jamesdix/Desktop/personal-trainer/personal-trainer-api/config/initializers/application_controller_renderer.rb": [
        null,
        null,
        null,
        null,
        null,
        null
      ],
      "/Users/jamesdix/Desktop/personal-trainer/personal-trainer-api/config/initializers/backtrace_silencers.rb": [
        null,
        null,
        null,
        null,
        null,
        null,
        null
      ],
      "/Users/jamesdix/Desktop/personal-trainer/personal-trainer-api/config/initializers/cors.rb": [
        null,
        null,
        null,
        null,
        null,
        null,
        null,
        null,
        null,
        null,
        null,
        null,
        null,
        null,
        null,
        null
      ],
      "/Users/jamesdix/Desktop/personal-trainer/personal-trainer-api/config/initializers/filter_parameter_logging.rb": [
        null,
        null,
        null,
        1
      ],
      "/Users/jamesdix/Desktop/personal-trainer/personal-trainer-api/config/initializers/inflections.rb": [
        null,
        null,
        null,
        null,
        null,
        null,
        null,
        null,
        null,
        null,
        null,
        null,
        null,
        null,
        null,
        null
      ],
      "/Users/jamesdix/Desktop/personal-trainer/personal-trainer-api/config/initializers/mime_types.rb": [
        null,
        null,
        null,
        null
      ],
      "/Users/jamesdix/Desktop/personal-trainer/personal-trainer-api/config/initializers/new_framework_defaults.rb": [
        null,
        null,
        null,
        null,
        null,
        null,
        null,
        null,
        1,
        null,
        null,
        1,
        null,
        null,
        1,
        null,
        null,
        1
      ],
      "/Users/jamesdix/Desktop/personal-trainer/personal-trainer-api/config/initializers/wrap_parameters.rb": [
        null,
        null,
        null,
        null,
        null,
        null,
        1,
        2,
        null,
        null,
        null,
        null,
        null,
        null
      ],
      "/Users/jamesdix/Desktop/personal-trainer/personal-trainer-api/spec/factories/exercise.rb": [
        1,
        1,
        45,
        1,
        null,
        null
      ],
      "/Users/jamesdix/Desktop/personal-trainer/personal-trainer-api/spec/factories/set_of.rb": [
        1,
        1,
        13,
        13,
        null,
        null
      ],
      "/Users/jamesdix/Desktop/personal-trainer/personal-trainer-api/spec/factories/workout.rb": [
        1,
        1,
        null
      ],
      "/Users/jamesdix/Desktop/personal-trainer/personal-trainer-api/config/routes.rb": [
        1,
        null,
        1,
        1,
        1,
        null,
        null,
        null,
        null
      ],
      "/Users/jamesdix/Desktop/personal-trainer/personal-trainer-api/spec/support/request_helper.rb": [
        1,
        null,
        1,
        9,
        null,
        null,
        null
      ],
      "/Users/jamesdix/Desktop/personal-trainer/personal-trainer-api/app/models/exercise.rb": [
        1,
        1,
        1,
        null,
        1,
        null
      ],
      "/Users/jamesdix/Desktop/personal-trainer/personal-trainer-api/app/models/application_record.rb": [
        1,
        1,
        null
      ],
      "/Users/jamesdix/Desktop/personal-trainer/personal-trainer-api/spec/models/set_of_spec.rb": [
        1,
        null,
        1,
        2,
        null,
        2,
        null,
        2,
        null
      ],
      "/Users/jamesdix/Desktop/personal-trainer/personal-trainer-api/app/models/set_of.rb": [
        1,
        null,
        1,
        null,
        1,
        null,
        null
      ],
      "/Users/jamesdix/Desktop/personal-trainer/personal-trainer-api/spec/models/workout_spec.rb": [
        1,
        null,
        1,
        2,
        null
      ],
      "/Users/jamesdix/Desktop/personal-trainer/personal-trainer-api/app/models/workout.rb": [
        1,
        null,
        1,
        null,
        null
      ],
      "/Users/jamesdix/Desktop/personal-trainer/personal-trainer-api/spec/requests/exercise_spec.rb": [
        1,
        null,
        1,
        null,
        9,
        9,
        9,
        9,
        null,
        1,
        null,
        3,
        null,
        1,
        1,
        null,
        null,
        1,
        1,
        null,
        null,
        null,
        null,
        1,
        null,
        3,
        null,
        1,
        1,
        null,
        null,
        1,
        1,
        null,
        null,
        null,
        null,
        1,
        null,
        3,
        null,
        1,
        1,
        null,
        null,
        1,
        1,
        null,
        null,
        null,
        null,
        1,
        null,
        3,
        null,
        1,
        1,
        null,
        null,
        1,
        1,
        null,
        null,
        null,
        null,
        null
      ],
      "/Users/jamesdix/Desktop/personal-trainer/personal-trainer-api/spec/requests/set_of_spec.rb": [
        1,
        null,
        1,
        null,
        5,
        5,
        5,
        5,
        null,
        1,
        null,
        3,
        null,
        1,
        1,
        null,
        null,
        1,
        1,
        null,
        null,
        null,
        1,
        null,
        3,
        null,
        1,
        1,
        null,
        null,
        1,
        1,
        1,
        null,
        null,
        null,
        null
      ],
      "/Users/jamesdix/Desktop/personal-trainer/personal-trainer-api/spec/requests/workout_spec.rb": [
        1,
        1,
        null,
        1,
        null,
        6,
        6,
        null,
        1,
        null,
        3,
        null,
        1,
        1,
        null,
        null,
        1,
        1,
        null,
        null,
        null,
        null,
        1,
        null,
        3,
        null,
        1,
        1,
        null,
        null,
        1,
        1,
        null,
        null,
        null,
        null,
        1,
        null,
        2,
        null,
        1,
        1,
        null,
        null,
        null,
        null,
        null
      ],
      "/Users/jamesdix/Desktop/personal-trainer/personal-trainer-api/app/controllers/exercises_controller.rb": [
        1,
        null,
        1,
        null,
        1,
        2,
        2,
        null,
        null,
        1,
        2,
        2,
        null,
        null,
        1,
        2,
        2,
        null,
        null,
        1,
        2,
        2,
        2,
        null,
        null,
        1,
        null,
        1,
        4,
        null,
        null,
        1,
        6,
        null,
        null,
        null
      ],
      "/Users/jamesdix/Desktop/personal-trainer/personal-trainer-api/app/controllers/application_controller.rb": [
        1,
        null,
        1,
        null,
        null
      ],
      "/Users/jamesdix/Desktop/personal-trainer/personal-trainer-api/app/controllers/concerns/response.rb": [
        1,
        null,
        1,
        17,
        null,
        null,
        null
      ],
      "/Users/jamesdix/Desktop/personal-trainer/personal-trainer-api/app/controllers/set_ofs_controller.rb": [
        1,
        null,
        1,
        null,
        1,
        2,
        2,
        null,
        null,
        1,
        2,
        2,
        null,
        null,
        1,
        null,
        1,
        4,
        null,
        null,
        null
      ],
      "/Users/jamesdix/Desktop/personal-trainer/personal-trainer-api/app/controllers/workouts_controller.rb": [
        1,
        null,
        1,
        2,
        2,
        null,
        null,
        1,
        2,
        2,
        null,
        null,
        1,
        1,
        1,
        null,
        null,
        null
      ]
    },
    "timestamp": 1495286100
  }
}
